{"/home/iza/fullcycle/06-ddd/ddd-fc/src/entity/address.ts": {"path":"/home/iza/fullcycle/06-ddd/ddd-fc/src/entity/address.ts","all":false,"statementMap":{"0":{"start":{"line":1,"column":0},"end":{"line":1,"column":30}},"1":{"start":{"line":2,"column":0},"end":{"line":2,"column":0}},"2":{"start":{"line":3,"column":0},"end":{"line":3,"column":25}},"3":{"start":{"line":4,"column":0},"end":{"line":4,"column":24}},"4":{"start":{"line":5,"column":0},"end":{"line":5,"column":21}},"5":{"start":{"line":6,"column":0},"end":{"line":6,"column":23}},"6":{"start":{"line":7,"column":0},"end":{"line":7,"column":0}},"7":{"start":{"line":8,"column":0},"end":{"line":8,"column":76}},"8":{"start":{"line":9,"column":0},"end":{"line":9,"column":30}},"9":{"start":{"line":10,"column":0},"end":{"line":10,"column":30}},"10":{"start":{"line":11,"column":0},"end":{"line":11,"column":24}},"11":{"start":{"line":12,"column":0},"end":{"line":12,"column":26}},"12":{"start":{"line":13,"column":0},"end":{"line":13,"column":0}},"13":{"start":{"line":14,"column":0},"end":{"line":14,"column":24}},"14":{"start":{"line":15,"column":0},"end":{"line":15,"column":5}},"15":{"start":{"line":16,"column":0},"end":{"line":16,"column":0}},"16":{"start":{"line":17,"column":0},"end":{"line":17,"column":16}},"17":{"start":{"line":18,"column":0},"end":{"line":18,"column":40}},"18":{"start":{"line":19,"column":0},"end":{"line":19,"column":50}},"19":{"start":{"line":20,"column":0},"end":{"line":20,"column":9}},"20":{"start":{"line":21,"column":0},"end":{"line":21,"column":33}},"21":{"start":{"line":22,"column":0},"end":{"line":22,"column":50}},"22":{"start":{"line":23,"column":0},"end":{"line":23,"column":9}},"23":{"start":{"line":24,"column":0},"end":{"line":24,"column":37}},"24":{"start":{"line":25,"column":0},"end":{"line":25,"column":47}},"25":{"start":{"line":26,"column":0},"end":{"line":26,"column":9}},"26":{"start":{"line":27,"column":0},"end":{"line":27,"column":38}},"27":{"start":{"line":28,"column":0},"end":{"line":28,"column":48}},"28":{"start":{"line":29,"column":0},"end":{"line":29,"column":9}},"29":{"start":{"line":30,"column":0},"end":{"line":30,"column":5}},"30":{"start":{"line":31,"column":0},"end":{"line":31,"column":0}},"31":{"start":{"line":32,"column":0},"end":{"line":32,"column":16}},"32":{"start":{"line":33,"column":0},"end":{"line":33,"column":78}},"33":{"start":{"line":34,"column":0},"end":{"line":34,"column":5}},"34":{"start":{"line":35,"column":0},"end":{"line":35,"column":0}},"35":{"start":{"line":36,"column":0},"end":{"line":36,"column":1}}},"s":{"0":1,"1":1,"2":1,"3":2,"4":2,"5":1,"6":1,"7":1,"8":2,"9":2,"10":2,"11":2,"12":2,"13":2,"14":2,"15":1,"16":1,"17":2,"18":0,"19":0,"20":2,"21":0,"22":0,"23":2,"24":0,"25":0,"26":2,"27":0,"28":0,"29":2,"30":1,"31":1,"32":0,"33":0,"34":1,"35":1},"branchMap":{"0":{"type":"branch","line":3,"loc":{"start":{"line":3,"column":4},"end":{"line":6,"column":22}},"locations":[{"start":{"line":3,"column":4},"end":{"line":6,"column":22}}]},"1":{"type":"branch","line":8,"loc":{"start":{"line":8,"column":4},"end":{"line":15,"column":5}},"locations":[{"start":{"line":8,"column":4},"end":{"line":15,"column":5}}]},"2":{"type":"branch","line":17,"loc":{"start":{"line":17,"column":4},"end":{"line":30,"column":5}},"locations":[{"start":{"line":17,"column":4},"end":{"line":30,"column":5}}]},"3":{"type":"branch","line":18,"loc":{"start":{"line":18,"column":39},"end":{"line":20,"column":9}},"locations":[{"start":{"line":18,"column":39},"end":{"line":20,"column":9}}]},"4":{"type":"branch","line":21,"loc":{"start":{"line":21,"column":32},"end":{"line":23,"column":9}},"locations":[{"start":{"line":21,"column":32},"end":{"line":23,"column":9}}]},"5":{"type":"branch","line":24,"loc":{"start":{"line":24,"column":36},"end":{"line":26,"column":9}},"locations":[{"start":{"line":24,"column":36},"end":{"line":26,"column":9}}]},"6":{"type":"branch","line":27,"loc":{"start":{"line":27,"column":37},"end":{"line":29,"column":9}},"locations":[{"start":{"line":27,"column":37},"end":{"line":29,"column":9}}]}},"b":{"0":[2],"1":[2],"2":[2],"3":[0],"4":[0],"5":[0],"6":[0]},"fnMap":{"0":{"name":"<instance_members_initializer>","decl":{"start":{"line":3,"column":4},"end":{"line":6,"column":22}},"loc":{"start":{"line":3,"column":4},"end":{"line":6,"column":22}},"line":3},"1":{"name":"Address","decl":{"start":{"line":8,"column":4},"end":{"line":15,"column":5}},"loc":{"start":{"line":8,"column":4},"end":{"line":15,"column":5}},"line":8},"2":{"name":"validate","decl":{"start":{"line":17,"column":4},"end":{"line":30,"column":5}},"loc":{"start":{"line":17,"column":4},"end":{"line":30,"column":5}},"line":17},"3":{"name":"toString","decl":{"start":{"line":32,"column":4},"end":{"line":34,"column":5}},"loc":{"start":{"line":32,"column":4},"end":{"line":34,"column":5}},"line":32}},"f":{"0":2,"1":2,"2":2,"3":0}}
,"/home/iza/fullcycle/06-ddd/ddd-fc/src/entity/customer.ts": {"path":"/home/iza/fullcycle/06-ddd/ddd-fc/src/entity/customer.ts","all":false,"statementMap":{"0":{"start":{"line":1,"column":0},"end":{"line":1,"column":32}},"1":{"start":{"line":2,"column":0},"end":{"line":2,"column":0}},"2":{"start":{"line":3,"column":0},"end":{"line":3,"column":31}},"3":{"start":{"line":4,"column":0},"end":{"line":4,"column":0}},"4":{"start":{"line":5,"column":0},"end":{"line":5,"column":24}},"5":{"start":{"line":6,"column":0},"end":{"line":6,"column":26}},"6":{"start":{"line":7,"column":0},"end":{"line":7,"column":31}},"7":{"start":{"line":8,"column":0},"end":{"line":8,"column":37}},"8":{"start":{"line":9,"column":0},"end":{"line":9,"column":38}},"9":{"start":{"line":10,"column":0},"end":{"line":10,"column":0}},"10":{"start":{"line":11,"column":0},"end":{"line":11,"column":43}},"11":{"start":{"line":12,"column":0},"end":{"line":12,"column":22}},"12":{"start":{"line":13,"column":0},"end":{"line":13,"column":26}},"13":{"start":{"line":14,"column":0},"end":{"line":14,"column":24}},"14":{"start":{"line":15,"column":0},"end":{"line":15,"column":5}},"15":{"start":{"line":16,"column":0},"end":{"line":16,"column":0}},"16":{"start":{"line":17,"column":0},"end":{"line":17,"column":16}},"17":{"start":{"line":18,"column":0},"end":{"line":18,"column":37}},"18":{"start":{"line":19,"column":0},"end":{"line":19,"column":48}},"19":{"start":{"line":20,"column":0},"end":{"line":20,"column":9}},"20":{"start":{"line":21,"column":0},"end":{"line":21,"column":5}},"21":{"start":{"line":22,"column":0},"end":{"line":22,"column":0}},"22":{"start":{"line":23,"column":0},"end":{"line":23,"column":30}},"23":{"start":{"line":24,"column":0},"end":{"line":24,"column":26}},"24":{"start":{"line":25,"column":0},"end":{"line":25,"column":24}},"25":{"start":{"line":26,"column":0},"end":{"line":26,"column":5}},"26":{"start":{"line":27,"column":0},"end":{"line":27,"column":0}},"27":{"start":{"line":28,"column":0},"end":{"line":28,"column":16}},"28":{"start":{"line":29,"column":0},"end":{"line":29,"column":41}},"29":{"start":{"line":30,"column":0},"end":{"line":30,"column":75}},"30":{"start":{"line":31,"column":0},"end":{"line":31,"column":9}},"31":{"start":{"line":32,"column":0},"end":{"line":32,"column":28}},"32":{"start":{"line":33,"column":0},"end":{"line":33,"column":5}},"33":{"start":{"line":34,"column":0},"end":{"line":34,"column":0}},"34":{"start":{"line":35,"column":0},"end":{"line":35,"column":18}},"35":{"start":{"line":36,"column":0},"end":{"line":36,"column":29}},"36":{"start":{"line":37,"column":0},"end":{"line":37,"column":5}},"37":{"start":{"line":38,"column":0},"end":{"line":38,"column":0}},"38":{"start":{"line":39,"column":0},"end":{"line":39,"column":33}},"39":{"start":{"line":40,"column":0},"end":{"line":40,"column":30}},"40":{"start":{"line":41,"column":0},"end":{"line":41,"column":5}},"41":{"start":{"line":42,"column":0},"end":{"line":42,"column":0}},"42":{"start":{"line":43,"column":0},"end":{"line":43,"column":22}},"43":{"start":{"line":44,"column":0},"end":{"line":44,"column":24}},"44":{"start":{"line":45,"column":0},"end":{"line":45,"column":5}},"45":{"start":{"line":46,"column":0},"end":{"line":46,"column":0}},"46":{"start":{"line":47,"column":0},"end":{"line":47,"column":24}},"47":{"start":{"line":48,"column":0},"end":{"line":48,"column":26}},"48":{"start":{"line":49,"column":0},"end":{"line":49,"column":5}},"49":{"start":{"line":50,"column":0},"end":{"line":50,"column":0}},"50":{"start":{"line":51,"column":0},"end":{"line":51,"column":25}},"51":{"start":{"line":52,"column":0},"end":{"line":52,"column":28}},"52":{"start":{"line":53,"column":0},"end":{"line":53,"column":5}},"53":{"start":{"line":54,"column":0},"end":{"line":54,"column":0}},"54":{"start":{"line":55,"column":0},"end":{"line":55,"column":37}},"55":{"start":{"line":56,"column":0},"end":{"line":56,"column":37}},"56":{"start":{"line":57,"column":0},"end":{"line":57,"column":5}},"57":{"start":{"line":58,"column":0},"end":{"line":58,"column":0}},"58":{"start":{"line":59,"column":0},"end":{"line":59,"column":32}},"59":{"start":{"line":60,"column":0},"end":{"line":60,"column":34}},"60":{"start":{"line":61,"column":0},"end":{"line":61,"column":5}},"61":{"start":{"line":62,"column":0},"end":{"line":62,"column":0}},"62":{"start":{"line":63,"column":0},"end":{"line":63,"column":1}}},"s":{"0":1,"1":1,"2":1,"3":1,"4":1,"5":1,"6":1,"7":1,"8":1,"9":1,"10":1,"11":7,"12":7,"13":7,"14":7,"15":1,"16":1,"17":8,"18":1,"19":1,"20":8,"21":1,"22":1,"23":1,"24":1,"25":1,"26":1,"27":1,"28":3,"29":1,"30":1,"31":3,"32":3,"33":1,"34":1,"35":1,"36":1,"37":1,"38":1,"39":2,"40":2,"41":1,"42":1,"43":1,"44":1,"45":1,"46":1,"47":1,"48":1,"49":1,"50":1,"51":3,"52":3,"53":1,"54":1,"55":3,"56":3,"57":1,"58":1,"59":4,"60":4,"61":1,"62":1},"branchMap":{"0":{"type":"branch","line":8,"loc":{"start":{"line":8,"column":12},"end":{"line":9,"column":37}},"locations":[{"start":{"line":8,"column":12},"end":{"line":9,"column":37}}]},"1":{"type":"branch","line":11,"loc":{"start":{"line":11,"column":4},"end":{"line":15,"column":5}},"locations":[{"start":{"line":11,"column":4},"end":{"line":15,"column":5}}]},"2":{"type":"branch","line":17,"loc":{"start":{"line":17,"column":4},"end":{"line":21,"column":5}},"locations":[{"start":{"line":17,"column":4},"end":{"line":21,"column":5}}]},"3":{"type":"branch","line":18,"loc":{"start":{"line":18,"column":36},"end":{"line":20,"column":9}},"locations":[{"start":{"line":18,"column":36},"end":{"line":20,"column":9}}]},"4":{"type":"branch","line":23,"loc":{"start":{"line":23,"column":4},"end":{"line":26,"column":5}},"locations":[{"start":{"line":23,"column":4},"end":{"line":26,"column":5}}]},"5":{"type":"branch","line":28,"loc":{"start":{"line":28,"column":4},"end":{"line":33,"column":5}},"locations":[{"start":{"line":28,"column":4},"end":{"line":33,"column":5}}]},"6":{"type":"branch","line":29,"loc":{"start":{"line":29,"column":40},"end":{"line":31,"column":9}},"locations":[{"start":{"line":29,"column":40},"end":{"line":31,"column":9}}]},"7":{"type":"branch","line":35,"loc":{"start":{"line":35,"column":4},"end":{"line":37,"column":5}},"locations":[{"start":{"line":35,"column":4},"end":{"line":37,"column":5}}]},"8":{"type":"branch","line":39,"loc":{"start":{"line":39,"column":4},"end":{"line":41,"column":5}},"locations":[{"start":{"line":39,"column":4},"end":{"line":41,"column":5}}]},"9":{"type":"branch","line":43,"loc":{"start":{"line":43,"column":4},"end":{"line":45,"column":5}},"locations":[{"start":{"line":43,"column":4},"end":{"line":45,"column":5}}]},"10":{"type":"branch","line":47,"loc":{"start":{"line":47,"column":4},"end":{"line":49,"column":5}},"locations":[{"start":{"line":47,"column":4},"end":{"line":49,"column":5}}]},"11":{"type":"branch","line":51,"loc":{"start":{"line":51,"column":4},"end":{"line":53,"column":5}},"locations":[{"start":{"line":51,"column":4},"end":{"line":53,"column":5}}]},"12":{"type":"branch","line":55,"loc":{"start":{"line":55,"column":4},"end":{"line":57,"column":5}},"locations":[{"start":{"line":55,"column":4},"end":{"line":57,"column":5}}]},"13":{"type":"branch","line":59,"loc":{"start":{"line":59,"column":4},"end":{"line":61,"column":5}},"locations":[{"start":{"line":59,"column":4},"end":{"line":61,"column":5}}]}},"b":{"0":[7],"1":[7],"2":[8],"3":[1],"4":[1],"5":[3],"6":[1],"7":[1],"8":[2],"9":[1],"10":[1],"11":[3],"12":[3],"13":[4]},"fnMap":{"0":{"name":"<instance_members_initializer>","decl":{"start":{"line":8,"column":12},"end":{"line":9,"column":37}},"loc":{"start":{"line":8,"column":12},"end":{"line":9,"column":37}},"line":8},"1":{"name":"Customer","decl":{"start":{"line":11,"column":4},"end":{"line":15,"column":5}},"loc":{"start":{"line":11,"column":4},"end":{"line":15,"column":5}},"line":11},"2":{"name":"validate","decl":{"start":{"line":17,"column":4},"end":{"line":21,"column":5}},"loc":{"start":{"line":17,"column":4},"end":{"line":21,"column":5}},"line":17},"3":{"name":"changeName","decl":{"start":{"line":23,"column":4},"end":{"line":26,"column":5}},"loc":{"start":{"line":23,"column":4},"end":{"line":26,"column":5}},"line":23},"4":{"name":"activate","decl":{"start":{"line":28,"column":4},"end":{"line":33,"column":5}},"loc":{"start":{"line":28,"column":4},"end":{"line":33,"column":5}},"line":28},"5":{"name":"deactivate","decl":{"start":{"line":35,"column":4},"end":{"line":37,"column":5}},"loc":{"start":{"line":35,"column":4},"end":{"line":37,"column":5}},"line":35},"6":{"name":"set address","decl":{"start":{"line":39,"column":4},"end":{"line":41,"column":5}},"loc":{"start":{"line":39,"column":4},"end":{"line":41,"column":5}},"line":39},"7":{"name":"get id","decl":{"start":{"line":43,"column":4},"end":{"line":45,"column":5}},"loc":{"start":{"line":43,"column":4},"end":{"line":45,"column":5}},"line":43},"8":{"name":"get name","decl":{"start":{"line":47,"column":4},"end":{"line":49,"column":5}},"loc":{"start":{"line":47,"column":4},"end":{"line":49,"column":5}},"line":47},"9":{"name":"isActive","decl":{"start":{"line":51,"column":4},"end":{"line":53,"column":5}},"loc":{"start":{"line":51,"column":4},"end":{"line":53,"column":5}},"line":51},"10":{"name":"addRewardPoints","decl":{"start":{"line":55,"column":4},"end":{"line":57,"column":5}},"loc":{"start":{"line":55,"column":4},"end":{"line":57,"column":5}},"line":55},"11":{"name":"get rewardPoints","decl":{"start":{"line":59,"column":4},"end":{"line":61,"column":5}},"loc":{"start":{"line":59,"column":4},"end":{"line":61,"column":5}},"line":59}},"f":{"0":7,"1":7,"2":8,"3":1,"4":3,"5":1,"6":2,"7":1,"8":1,"9":3,"10":3,"11":4}}
,"/home/iza/fullcycle/06-ddd/ddd-fc/src/entity/order-item.ts": {"path":"/home/iza/fullcycle/06-ddd/ddd-fc/src/entity/order-item.ts","all":false,"statementMap":{"0":{"start":{"line":1,"column":0},"end":{"line":1,"column":32}},"1":{"start":{"line":2,"column":0},"end":{"line":2,"column":0}},"2":{"start":{"line":3,"column":0},"end":{"line":3,"column":24}},"3":{"start":{"line":4,"column":0},"end":{"line":4,"column":26}},"4":{"start":{"line":5,"column":0},"end":{"line":5,"column":27}},"5":{"start":{"line":6,"column":0},"end":{"line":6,"column":30}},"6":{"start":{"line":7,"column":0},"end":{"line":7,"column":31}},"7":{"start":{"line":8,"column":0},"end":{"line":8,"column":0}},"8":{"start":{"line":9,"column":0},"end":{"line":9,"column":95}},"9":{"start":{"line":10,"column":0},"end":{"line":10,"column":22}},"10":{"start":{"line":11,"column":0},"end":{"line":11,"column":26}},"11":{"start":{"line":12,"column":0},"end":{"line":12,"column":28}},"12":{"start":{"line":13,"column":0},"end":{"line":13,"column":36}},"13":{"start":{"line":14,"column":0},"end":{"line":14,"column":34}},"14":{"start":{"line":15,"column":0},"end":{"line":15,"column":5}},"15":{"start":{"line":16,"column":0},"end":{"line":16,"column":0}},"16":{"start":{"line":17,"column":0},"end":{"line":17,"column":25}},"17":{"start":{"line":18,"column":0},"end":{"line":18,"column":44}},"18":{"start":{"line":19,"column":0},"end":{"line":19,"column":5}},"19":{"start":{"line":20,"column":0},"end":{"line":20,"column":0}},"20":{"start":{"line":21,"column":0},"end":{"line":21,"column":28}},"21":{"start":{"line":22,"column":0},"end":{"line":22,"column":30}},"22":{"start":{"line":23,"column":0},"end":{"line":23,"column":5}},"23":{"start":{"line":24,"column":0},"end":{"line":24,"column":1}}},"s":{"0":1,"1":1,"2":1,"3":1,"4":1,"5":1,"6":1,"7":1,"8":1,"9":9,"10":9,"11":9,"12":9,"13":9,"14":9,"15":1,"16":1,"17":7,"18":7,"19":1,"20":1,"21":9,"22":9,"23":1},"branchMap":{"0":{"type":"branch","line":9,"loc":{"start":{"line":9,"column":4},"end":{"line":15,"column":5}},"locations":[{"start":{"line":9,"column":4},"end":{"line":15,"column":5}}]},"1":{"type":"branch","line":17,"loc":{"start":{"line":17,"column":4},"end":{"line":19,"column":5}},"locations":[{"start":{"line":17,"column":4},"end":{"line":19,"column":5}}]},"2":{"type":"branch","line":21,"loc":{"start":{"line":21,"column":4},"end":{"line":23,"column":5}},"locations":[{"start":{"line":21,"column":4},"end":{"line":23,"column":5}}]}},"b":{"0":[9],"1":[7],"2":[9]},"fnMap":{"0":{"name":"OrderItem","decl":{"start":{"line":9,"column":4},"end":{"line":15,"column":5}},"loc":{"start":{"line":9,"column":4},"end":{"line":15,"column":5}},"line":9},"1":{"name":"get price","decl":{"start":{"line":17,"column":4},"end":{"line":19,"column":5}},"loc":{"start":{"line":17,"column":4},"end":{"line":19,"column":5}},"line":17},"2":{"name":"get quantity","decl":{"start":{"line":21,"column":4},"end":{"line":23,"column":5}},"loc":{"start":{"line":21,"column":4},"end":{"line":23,"column":5}},"line":21}},"f":{"0":9,"1":7,"2":9}}
,"/home/iza/fullcycle/06-ddd/ddd-fc/src/entity/order.ts": {"path":"/home/iza/fullcycle/06-ddd/ddd-fc/src/entity/order.ts","all":false,"statementMap":{"0":{"start":{"line":1,"column":0},"end":{"line":1,"column":37}},"1":{"start":{"line":2,"column":0},"end":{"line":2,"column":0}},"2":{"start":{"line":3,"column":0},"end":{"line":3,"column":28}},"3":{"start":{"line":4,"column":0},"end":{"line":4,"column":0}},"4":{"start":{"line":5,"column":0},"end":{"line":5,"column":24}},"5":{"start":{"line":6,"column":0},"end":{"line":6,"column":32}},"6":{"start":{"line":7,"column":0},"end":{"line":7,"column":32}},"7":{"start":{"line":8,"column":0},"end":{"line":8,"column":0}},"8":{"start":{"line":9,"column":0},"end":{"line":9,"column":69}},"9":{"start":{"line":10,"column":0},"end":{"line":10,"column":22}},"10":{"start":{"line":11,"column":0},"end":{"line":11,"column":38}},"11":{"start":{"line":12,"column":0},"end":{"line":12,"column":28}},"12":{"start":{"line":13,"column":0},"end":{"line":13,"column":24}},"13":{"start":{"line":14,"column":0},"end":{"line":14,"column":5}},"14":{"start":{"line":15,"column":0},"end":{"line":15,"column":0}},"15":{"start":{"line":16,"column":0},"end":{"line":16,"column":16}},"16":{"start":{"line":17,"column":0},"end":{"line":17,"column":36}},"17":{"start":{"line":18,"column":0},"end":{"line":18,"column":46}},"18":{"start":{"line":19,"column":0},"end":{"line":19,"column":9}},"19":{"start":{"line":20,"column":0},"end":{"line":20,"column":44}},"20":{"start":{"line":21,"column":0},"end":{"line":21,"column":54}},"21":{"start":{"line":22,"column":0},"end":{"line":22,"column":9}},"22":{"start":{"line":23,"column":0},"end":{"line":23,"column":39}},"23":{"start":{"line":24,"column":0},"end":{"line":24,"column":50}},"24":{"start":{"line":25,"column":0},"end":{"line":25,"column":9}},"25":{"start":{"line":26,"column":0},"end":{"line":26,"column":0}},"26":{"start":{"line":27,"column":0},"end":{"line":27,"column":61}},"27":{"start":{"line":28,"column":0},"end":{"line":28,"column":63}},"28":{"start":{"line":29,"column":0},"end":{"line":29,"column":9}},"29":{"start":{"line":30,"column":0},"end":{"line":30,"column":0}},"30":{"start":{"line":31,"column":0},"end":{"line":31,"column":5}},"31":{"start":{"line":32,"column":0},"end":{"line":32,"column":0}},"32":{"start":{"line":33,"column":0},"end":{"line":33,"column":21}},"33":{"start":{"line":34,"column":0},"end":{"line":34,"column":70}},"34":{"start":{"line":35,"column":0},"end":{"line":35,"column":5}},"35":{"start":{"line":36,"column":0},"end":{"line":36,"column":1}}},"s":{"0":1,"1":1,"2":1,"3":1,"4":1,"5":1,"6":1,"7":1,"8":1,"9":8,"10":8,"11":8,"12":8,"13":8,"14":1,"15":1,"16":8,"17":1,"18":1,"19":8,"20":1,"21":1,"22":8,"23":1,"24":1,"25":5,"26":8,"27":1,"28":1,"29":8,"30":8,"31":1,"32":1,"33":5,"34":5,"35":1},"branchMap":{"0":{"type":"branch","line":9,"loc":{"start":{"line":9,"column":4},"end":{"line":14,"column":5}},"locations":[{"start":{"line":9,"column":4},"end":{"line":14,"column":5}}]},"1":{"type":"branch","line":16,"loc":{"start":{"line":16,"column":4},"end":{"line":31,"column":5}},"locations":[{"start":{"line":16,"column":4},"end":{"line":31,"column":5}}]},"2":{"type":"branch","line":17,"loc":{"start":{"line":17,"column":35},"end":{"line":19,"column":9}},"locations":[{"start":{"line":17,"column":35},"end":{"line":19,"column":9}}]},"3":{"type":"branch","line":20,"loc":{"start":{"line":20,"column":43},"end":{"line":22,"column":9}},"locations":[{"start":{"line":20,"column":43},"end":{"line":22,"column":9}}]},"4":{"type":"branch","line":23,"loc":{"start":{"line":23,"column":-1},"end":{"line":23,"column":38}},"locations":[{"start":{"line":23,"column":-1},"end":{"line":23,"column":38}}]},"5":{"type":"branch","line":23,"loc":{"start":{"line":23,"column":38},"end":{"line":25,"column":9}},"locations":[{"start":{"line":23,"column":38},"end":{"line":25,"column":9}}]},"6":{"type":"branch","line":26,"loc":{"start":{"line":26,"column":-1},"end":{"line":27,"column":60}},"locations":[{"start":{"line":26,"column":-1},"end":{"line":27,"column":60}}]},"7":{"type":"branch","line":27,"loc":{"start":{"line":27,"column":60},"end":{"line":29,"column":9}},"locations":[{"start":{"line":27,"column":60},"end":{"line":29,"column":9}}]},"8":{"type":"branch","line":27,"loc":{"start":{"line":27,"column":29},"end":{"line":27,"column":57}},"locations":[{"start":{"line":27,"column":29},"end":{"line":27,"column":57}}]},"9":{"type":"branch","line":33,"loc":{"start":{"line":33,"column":4},"end":{"line":35,"column":5}},"locations":[{"start":{"line":33,"column":4},"end":{"line":35,"column":5}}]},"10":{"type":"branch","line":34,"loc":{"start":{"line":34,"column":34},"end":{"line":34,"column":65}},"locations":[{"start":{"line":34,"column":34},"end":{"line":34,"column":65}}]}},"b":{"0":[8],"1":[8],"2":[1],"3":[1],"4":[6],"5":[1],"6":[5],"7":[1],"8":[9],"9":[5],"10":[7]},"fnMap":{"0":{"name":"Order","decl":{"start":{"line":9,"column":4},"end":{"line":14,"column":5}},"loc":{"start":{"line":9,"column":4},"end":{"line":14,"column":5}},"line":9},"1":{"name":"validate","decl":{"start":{"line":16,"column":4},"end":{"line":31,"column":5}},"loc":{"start":{"line":16,"column":4},"end":{"line":31,"column":5}},"line":16},"2":{"name":"total","decl":{"start":{"line":33,"column":4},"end":{"line":35,"column":5}},"loc":{"start":{"line":33,"column":4},"end":{"line":35,"column":5}},"line":33}},"f":{"0":8,"1":8,"2":5}}
,"/home/iza/fullcycle/06-ddd/ddd-fc/src/entity/product.ts": {"path":"/home/iza/fullcycle/06-ddd/ddd-fc/src/entity/product.ts","all":false,"statementMap":{"0":{"start":{"line":1,"column":0},"end":{"line":1,"column":30}},"1":{"start":{"line":2,"column":0},"end":{"line":2,"column":0}},"2":{"start":{"line":3,"column":0},"end":{"line":3,"column":24}},"3":{"start":{"line":4,"column":0},"end":{"line":4,"column":26}},"4":{"start":{"line":5,"column":0},"end":{"line":5,"column":27}},"5":{"start":{"line":6,"column":0},"end":{"line":6,"column":0}},"6":{"start":{"line":7,"column":0},"end":{"line":7,"column":58}},"7":{"start":{"line":8,"column":0},"end":{"line":8,"column":22}},"8":{"start":{"line":9,"column":0},"end":{"line":9,"column":26}},"9":{"start":{"line":10,"column":0},"end":{"line":10,"column":28}},"10":{"start":{"line":11,"column":0},"end":{"line":11,"column":24}},"11":{"start":{"line":12,"column":0},"end":{"line":12,"column":5}},"12":{"start":{"line":13,"column":0},"end":{"line":13,"column":0}},"13":{"start":{"line":14,"column":0},"end":{"line":14,"column":0}},"14":{"start":{"line":15,"column":0},"end":{"line":15,"column":16}},"15":{"start":{"line":16,"column":0},"end":{"line":16,"column":0}},"16":{"start":{"line":17,"column":0},"end":{"line":17,"column":35}},"17":{"start":{"line":18,"column":0},"end":{"line":18,"column":46}},"18":{"start":{"line":19,"column":0},"end":{"line":19,"column":9}},"19":{"start":{"line":20,"column":0},"end":{"line":20,"column":37}},"20":{"start":{"line":21,"column":0},"end":{"line":21,"column":48}},"21":{"start":{"line":22,"column":0},"end":{"line":22,"column":9}},"22":{"start":{"line":23,"column":0},"end":{"line":23,"column":31}},"23":{"start":{"line":24,"column":0},"end":{"line":24,"column":63}},"24":{"start":{"line":25,"column":0},"end":{"line":25,"column":9}},"25":{"start":{"line":26,"column":0},"end":{"line":26,"column":5}},"26":{"start":{"line":27,"column":0},"end":{"line":27,"column":0}},"27":{"start":{"line":28,"column":0},"end":{"line":28,"column":0}},"28":{"start":{"line":29,"column":0},"end":{"line":29,"column":0}},"29":{"start":{"line":30,"column":0},"end":{"line":30,"column":24}},"30":{"start":{"line":31,"column":0},"end":{"line":31,"column":26}},"31":{"start":{"line":32,"column":0},"end":{"line":32,"column":5}},"32":{"start":{"line":33,"column":0},"end":{"line":33,"column":0}},"33":{"start":{"line":34,"column":0},"end":{"line":34,"column":25}},"34":{"start":{"line":35,"column":0},"end":{"line":35,"column":27}},"35":{"start":{"line":36,"column":0},"end":{"line":36,"column":5}},"36":{"start":{"line":37,"column":0},"end":{"line":37,"column":0}},"37":{"start":{"line":38,"column":0},"end":{"line":38,"column":30}},"38":{"start":{"line":39,"column":0},"end":{"line":39,"column":26}},"39":{"start":{"line":40,"column":0},"end":{"line":40,"column":24}},"40":{"start":{"line":41,"column":0},"end":{"line":41,"column":5}},"41":{"start":{"line":42,"column":0},"end":{"line":42,"column":0}},"42":{"start":{"line":43,"column":0},"end":{"line":43,"column":32}},"43":{"start":{"line":44,"column":0},"end":{"line":44,"column":28}},"44":{"start":{"line":45,"column":0},"end":{"line":45,"column":24}},"45":{"start":{"line":46,"column":0},"end":{"line":46,"column":5}},"46":{"start":{"line":47,"column":0},"end":{"line":47,"column":0}},"47":{"start":{"line":48,"column":0},"end":{"line":48,"column":1}}},"s":{"0":1,"1":1,"2":1,"3":1,"4":1,"5":1,"6":1,"7":8,"8":8,"9":8,"10":8,"11":8,"12":1,"13":1,"14":1,"15":12,"16":12,"17":1,"18":1,"19":12,"20":1,"21":1,"22":12,"23":2,"24":2,"25":12,"26":1,"27":1,"28":1,"29":1,"30":1,"31":1,"32":1,"33":1,"34":7,"35":7,"36":1,"37":1,"38":1,"39":1,"40":1,"41":1,"42":1,"43":3,"44":3,"45":3,"46":1,"47":1},"branchMap":{"0":{"type":"branch","line":7,"loc":{"start":{"line":7,"column":4},"end":{"line":12,"column":5}},"locations":[{"start":{"line":7,"column":4},"end":{"line":12,"column":5}}]},"1":{"type":"branch","line":15,"loc":{"start":{"line":15,"column":4},"end":{"line":26,"column":5}},"locations":[{"start":{"line":15,"column":4},"end":{"line":26,"column":5}}]},"2":{"type":"branch","line":17,"loc":{"start":{"line":17,"column":34},"end":{"line":19,"column":9}},"locations":[{"start":{"line":17,"column":34},"end":{"line":19,"column":9}}]},"3":{"type":"branch","line":20,"loc":{"start":{"line":20,"column":-1},"end":{"line":20,"column":36}},"locations":[{"start":{"line":20,"column":-1},"end":{"line":20,"column":36}}]},"4":{"type":"branch","line":20,"loc":{"start":{"line":20,"column":36},"end":{"line":22,"column":9}},"locations":[{"start":{"line":20,"column":36},"end":{"line":22,"column":9}}]},"5":{"type":"branch","line":23,"loc":{"start":{"line":23,"column":-1},"end":{"line":23,"column":30}},"locations":[{"start":{"line":23,"column":-1},"end":{"line":23,"column":30}}]},"6":{"type":"branch","line":23,"loc":{"start":{"line":23,"column":30},"end":{"line":25,"column":9}},"locations":[{"start":{"line":23,"column":30},"end":{"line":25,"column":9}}]},"7":{"type":"branch","line":30,"loc":{"start":{"line":30,"column":4},"end":{"line":32,"column":5}},"locations":[{"start":{"line":30,"column":4},"end":{"line":32,"column":5}}]},"8":{"type":"branch","line":34,"loc":{"start":{"line":34,"column":4},"end":{"line":36,"column":5}},"locations":[{"start":{"line":34,"column":4},"end":{"line":36,"column":5}}]},"9":{"type":"branch","line":38,"loc":{"start":{"line":38,"column":4},"end":{"line":41,"column":5}},"locations":[{"start":{"line":38,"column":4},"end":{"line":41,"column":5}}]},"10":{"type":"branch","line":43,"loc":{"start":{"line":43,"column":4},"end":{"line":46,"column":5}},"locations":[{"start":{"line":43,"column":4},"end":{"line":46,"column":5}}]}},"b":{"0":[8],"1":[12],"2":[1],"3":[11],"4":[1],"5":[10],"6":[2],"7":[1],"8":[7],"9":[1],"10":[3]},"fnMap":{"0":{"name":"Product","decl":{"start":{"line":7,"column":4},"end":{"line":12,"column":5}},"loc":{"start":{"line":7,"column":4},"end":{"line":12,"column":5}},"line":7},"1":{"name":"validate","decl":{"start":{"line":15,"column":4},"end":{"line":26,"column":5}},"loc":{"start":{"line":15,"column":4},"end":{"line":26,"column":5}},"line":15},"2":{"name":"get name","decl":{"start":{"line":30,"column":4},"end":{"line":32,"column":5}},"loc":{"start":{"line":30,"column":4},"end":{"line":32,"column":5}},"line":30},"3":{"name":"get price","decl":{"start":{"line":34,"column":4},"end":{"line":36,"column":5}},"loc":{"start":{"line":34,"column":4},"end":{"line":36,"column":5}},"line":34},"4":{"name":"changeName","decl":{"start":{"line":38,"column":4},"end":{"line":41,"column":5}},"loc":{"start":{"line":38,"column":4},"end":{"line":41,"column":5}},"line":38},"5":{"name":"changePrice","decl":{"start":{"line":43,"column":4},"end":{"line":46,"column":5}},"loc":{"start":{"line":43,"column":4},"end":{"line":46,"column":5}},"line":43}},"f":{"0":8,"1":12,"2":1,"3":7,"4":1,"5":3}}
,"/home/iza/fullcycle/06-ddd/ddd-fc/src/service/order-service.ts": {"path":"/home/iza/fullcycle/06-ddd/ddd-fc/src/service/order-service.ts","all":false,"statementMap":{"0":{"start":{"line":1,"column":0},"end":{"line":1,"column":42}},"1":{"start":{"line":2,"column":0},"end":{"line":2,"column":36}},"2":{"start":{"line":3,"column":0},"end":{"line":3,"column":45}},"3":{"start":{"line":4,"column":0},"end":{"line":4,"column":34}},"4":{"start":{"line":5,"column":0},"end":{"line":5,"column":0}},"5":{"start":{"line":6,"column":0},"end":{"line":6,"column":35}},"6":{"start":{"line":7,"column":0},"end":{"line":7,"column":70}},"7":{"start":{"line":8,"column":0},"end":{"line":8,"column":33}},"8":{"start":{"line":9,"column":0},"end":{"line":9,"column":65}},"9":{"start":{"line":10,"column":0},"end":{"line":10,"column":9}},"10":{"start":{"line":11,"column":0},"end":{"line":11,"column":60}},"11":{"start":{"line":12,"column":0},"end":{"line":12,"column":52}},"12":{"start":{"line":13,"column":0},"end":{"line":13,"column":21}},"13":{"start":{"line":14,"column":0},"end":{"line":14,"column":5}},"14":{"start":{"line":15,"column":0},"end":{"line":15,"column":35}},"15":{"start":{"line":16,"column":0},"end":{"line":16,"column":69}},"16":{"start":{"line":17,"column":0},"end":{"line":17,"column":5}},"17":{"start":{"line":18,"column":0},"end":{"line":18,"column":0}},"18":{"start":{"line":19,"column":0},"end":{"line":19,"column":1}}},"s":{"0":1,"1":1,"2":1,"3":1,"4":1,"5":1,"6":1,"7":1,"8":0,"9":0,"10":1,"11":1,"12":1,"13":1,"14":1,"15":1,"16":1,"17":1,"18":1},"branchMap":{"0":{"type":"branch","line":7,"loc":{"start":{"line":7,"column":11},"end":{"line":14,"column":5}},"locations":[{"start":{"line":7,"column":11},"end":{"line":14,"column":5}}]},"1":{"type":"branch","line":8,"loc":{"start":{"line":8,"column":32},"end":{"line":10,"column":9}},"locations":[{"start":{"line":8,"column":32},"end":{"line":10,"column":9}}]},"2":{"type":"branch","line":15,"loc":{"start":{"line":15,"column":11},"end":{"line":17,"column":5}},"locations":[{"start":{"line":15,"column":11},"end":{"line":17,"column":5}}]},"3":{"type":"branch","line":16,"loc":{"start":{"line":16,"column":29},"end":{"line":16,"column":64}},"locations":[{"start":{"line":16,"column":29},"end":{"line":16,"column":64}}]}},"b":{"0":[1],"1":[0],"2":[1],"3":[2]},"fnMap":{"0":{"name":"placeOrder","decl":{"start":{"line":7,"column":11},"end":{"line":14,"column":5}},"loc":{"start":{"line":7,"column":11},"end":{"line":14,"column":5}},"line":7},"1":{"name":"total","decl":{"start":{"line":15,"column":11},"end":{"line":17,"column":5}},"loc":{"start":{"line":15,"column":11},"end":{"line":17,"column":5}},"line":15}},"f":{"0":1,"1":1}}
,"/home/iza/fullcycle/06-ddd/ddd-fc/src/service/product-service.ts": {"path":"/home/iza/fullcycle/06-ddd/ddd-fc/src/service/product-service.ts","all":false,"statementMap":{"0":{"start":{"line":1,"column":0},"end":{"line":1,"column":40}},"1":{"start":{"line":2,"column":0},"end":{"line":2,"column":0}},"2":{"start":{"line":3,"column":0},"end":{"line":3,"column":37}},"3":{"start":{"line":4,"column":0},"end":{"line":4,"column":67}},"4":{"start":{"line":5,"column":0},"end":{"line":5,"column":39}},"5":{"start":{"line":6,"column":0},"end":{"line":6,"column":84}},"6":{"start":{"line":7,"column":0},"end":{"line":7,"column":11}},"7":{"start":{"line":8,"column":0},"end":{"line":8,"column":24}},"8":{"start":{"line":9,"column":0},"end":{"line":9,"column":5}},"9":{"start":{"line":10,"column":0},"end":{"line":10,"column":0}},"10":{"start":{"line":11,"column":0},"end":{"line":11,"column":1}}},"s":{"0":1,"1":1,"2":1,"3":1,"4":1,"5":2,"6":1,"7":1,"8":1,"9":1,"10":1},"branchMap":{"0":{"type":"branch","line":4,"loc":{"start":{"line":4,"column":11},"end":{"line":9,"column":5}},"locations":[{"start":{"line":4,"column":11},"end":{"line":9,"column":5}}]},"1":{"type":"branch","line":5,"loc":{"start":{"line":5,"column":25},"end":{"line":7,"column":10}},"locations":[{"start":{"line":5,"column":25},"end":{"line":7,"column":10}}]}},"b":{"0":[1],"1":[2]},"fnMap":{"0":{"name":"increasePrice","decl":{"start":{"line":4,"column":11},"end":{"line":9,"column":5}},"loc":{"start":{"line":4,"column":11},"end":{"line":9,"column":5}},"line":4}},"f":{"0":1}}
}
