TN:
SF:src/domain/entity/address.ts
FN:3,<instance_members_initializer>
FN:8,Address
FN:17,validate
FN:32,get street
FN:36,get number
FN:40,get zip
FN:44,get city
FN:48,toString
FNF:8
FNH:7
FNDA:15,<instance_members_initializer>
FNDA:15,Address
FNDA:15,validate
FNDA:11,get street
FNDA:11,get number
FNDA:11,get zip
FNDA:11,get city
FNDA:0,toString
DA:1,1
DA:2,1
DA:3,1
DA:4,15
DA:5,15
DA:6,1
DA:7,1
DA:8,1
DA:9,15
DA:10,15
DA:11,15
DA:12,15
DA:13,15
DA:14,15
DA:15,15
DA:16,1
DA:17,1
DA:18,15
DA:19,0
DA:20,0
DA:21,15
DA:22,0
DA:23,0
DA:24,15
DA:25,0
DA:26,0
DA:27,15
DA:28,0
DA:29,0
DA:30,15
DA:31,1
DA:32,1
DA:33,11
DA:34,11
DA:35,1
DA:36,1
DA:37,11
DA:38,11
DA:39,1
DA:40,1
DA:41,11
DA:42,11
DA:43,1
DA:44,1
DA:45,11
DA:46,11
DA:47,1
DA:48,1
DA:49,0
DA:50,0
DA:51,1
DA:52,1
LF:52
LH:42
BRDA:3,0,0,15
BRDA:8,1,0,15
BRDA:17,2,0,15
BRDA:18,3,0,0
BRDA:21,4,0,0
BRDA:24,5,0,0
BRDA:27,6,0,0
BRDA:32,7,0,11
BRDA:36,8,0,11
BRDA:40,9,0,11
BRDA:44,10,0,11
BRF:11
BRH:7
end_of_record
TN:
SF:src/domain/entity/customer.ts
FN:8,<instance_members_initializer>
FN:11,Customer
FN:17,validate
FN:23,changeName
FN:28,activate
FN:35,deactivate
FN:39,set address
FN:43,get address
FN:47,get id
FN:51,get name
FN:55,isActive
FN:59,addRewardPoints
FN:63,get rewardPoints
FNF:13
FNH:13
FNDA:20,<instance_members_initializer>
FNDA:20,Customer
FNDA:22,validate
FNDA:2,changeName
FNDA:7,activate
FNDA:1,deactivate
FNDA:15,set address
FNDA:36,get address
FNDA:11,get id
FNDA:12,get name
FNDA:14,isActive
FNDA:11,addRewardPoints
FNDA:15,get rewardPoints
DA:1,1
DA:2,1
DA:3,1
DA:4,1
DA:5,1
DA:6,1
DA:7,1
DA:8,1
DA:9,1
DA:10,1
DA:11,1
DA:12,20
DA:13,20
DA:14,20
DA:15,20
DA:16,1
DA:17,1
DA:18,22
DA:19,1
DA:20,1
DA:21,22
DA:22,1
DA:23,1
DA:24,2
DA:25,2
DA:26,2
DA:27,1
DA:28,1
DA:29,7
DA:30,1
DA:31,1
DA:32,7
DA:33,7
DA:34,1
DA:35,1
DA:36,1
DA:37,1
DA:38,1
DA:39,1
DA:40,15
DA:41,15
DA:42,1
DA:43,1
DA:44,36
DA:45,36
DA:46,1
DA:47,1
DA:48,11
DA:49,11
DA:50,1
DA:51,1
DA:52,12
DA:53,12
DA:54,1
DA:55,1
DA:56,14
DA:57,14
DA:58,1
DA:59,1
DA:60,11
DA:61,11
DA:62,1
DA:63,1
DA:64,15
DA:65,15
DA:66,1
DA:67,1
LF:67
LH:67
BRDA:8,0,0,20
BRDA:11,1,0,20
BRDA:17,2,0,22
BRDA:18,3,0,1
BRDA:23,4,0,2
BRDA:28,5,0,7
BRDA:29,6,0,1
BRDA:35,7,0,1
BRDA:39,8,0,15
BRDA:43,9,0,36
BRDA:47,10,0,11
BRDA:51,11,0,12
BRDA:55,12,0,14
BRDA:59,13,0,11
BRDA:63,14,0,15
BRF:15
BRH:15
end_of_record
TN:
SF:src/domain/entity/order-item.ts
FN:9,OrderItem
FN:17,get price
FN:21,get quantity
FN:25,get id
FN:29,get name
FN:33,get productId
FNF:6
FNH:6
FNDA:10,OrderItem
FNDA:11,get price
FNDA:12,get quantity
FNDA:2,get id
FNDA:2,get name
FNDA:1,get productId
DA:1,1
DA:2,1
DA:3,1
DA:4,1
DA:5,1
DA:6,1
DA:7,1
DA:8,1
DA:9,1
DA:10,10
DA:11,10
DA:12,10
DA:13,10
DA:14,10
DA:15,10
DA:16,1
DA:17,1
DA:18,11
DA:19,11
DA:20,1
DA:21,1
DA:22,12
DA:23,12
DA:24,1
DA:25,1
DA:26,2
DA:27,2
DA:28,1
DA:29,1
DA:30,2
DA:31,2
DA:32,1
DA:33,1
DA:34,1
DA:35,1
DA:36,1
LF:36
LH:36
BRDA:9,0,0,10
BRDA:17,1,0,11
BRDA:21,2,0,12
BRDA:25,3,0,2
BRDA:29,4,0,2
BRDA:33,5,0,1
BRF:6
BRH:6
end_of_record
TN:
SF:src/domain/entity/order.ts
FN:9,Order
FN:16,validate
FN:33,total
FN:37,get id
FN:41,get customerId
FN:45,get items
FNF:6
FNH:6
FNDA:9,Order
FNDA:9,validate
FNDA:7,total
FNDA:2,get id
FNDA:1,get customerId
FNDA:1,get items
DA:1,1
DA:2,1
DA:3,1
DA:4,1
DA:5,1
DA:6,1
DA:7,1
DA:8,1
DA:9,1
DA:10,9
DA:11,9
DA:12,9
DA:13,9
DA:14,9
DA:15,1
DA:16,1
DA:17,9
DA:18,1
DA:19,1
DA:20,9
DA:21,1
DA:22,1
DA:23,9
DA:24,1
DA:25,1
DA:26,9
DA:27,9
DA:28,1
DA:29,1
DA:30,9
DA:31,9
DA:32,1
DA:33,1
DA:34,7
DA:35,7
DA:36,1
DA:37,1
DA:38,2
DA:39,2
DA:40,1
DA:41,1
DA:42,1
DA:43,1
DA:44,1
DA:45,1
DA:46,1
DA:47,1
DA:48,1
DA:49,1
LF:49
LH:49
BRDA:9,0,0,9
BRDA:16,1,0,9
BRDA:17,2,0,1
BRDA:20,3,0,8
BRDA:20,4,0,1
BRDA:23,5,0,1
BRDA:27,6,0,1
BRDA:27,7,0,10
BRDA:33,8,0,7
BRDA:34,9,0,9
BRDA:37,10,0,2
BRDA:41,11,0,1
BRDA:45,12,0,1
BRF:13
BRH:13
end_of_record
TN:
SF:src/domain/entity/product.ts
FN:7,Product
FN:15,validate
FN:28,get id
FN:32,get name
FN:36,get price
FN:40,changeName
FN:45,changePrice
FNF:7
FNH:7
FNDA:17,Product
FNDA:23,validate
FNDA:9,get id
FNDA:10,get name
FNDA:16,get price
FNDA:2,changeName
FNDA:4,changePrice
DA:1,1
DA:2,1
DA:3,1
DA:4,1
DA:5,1
DA:6,1
DA:7,1
DA:8,17
DA:9,17
DA:10,17
DA:11,17
DA:12,17
DA:13,1
DA:14,1
DA:15,1
DA:16,23
DA:17,23
DA:18,1
DA:19,1
DA:20,23
DA:21,1
DA:22,1
DA:23,23
DA:24,2
DA:25,2
DA:26,23
DA:27,1
DA:28,1
DA:29,9
DA:30,9
DA:31,1
DA:32,1
DA:33,10
DA:34,10
DA:35,1
DA:36,1
DA:37,16
DA:38,16
DA:39,1
DA:40,1
DA:41,2
DA:42,2
DA:43,2
DA:44,1
DA:45,1
DA:46,4
DA:47,4
DA:48,4
DA:49,1
DA:50,1
LF:50
LH:50
BRDA:7,0,0,17
BRDA:15,1,0,23
BRDA:17,2,0,1
BRDA:20,3,0,22
BRDA:20,4,0,1
BRDA:23,5,0,2
BRDA:28,6,0,9
BRDA:32,7,0,10
BRDA:36,8,0,16
BRDA:40,9,0,2
BRDA:45,10,0,4
BRF:11
BRH:11
end_of_record
TN:
SF:src/domain/service/order-service.ts
FN:7,placeOrder
FN:15,total
FNF:2
FNH:2
FNDA:1,placeOrder
FNDA:1,total
DA:1,1
DA:2,1
DA:3,1
DA:4,1
DA:5,1
DA:6,1
DA:7,1
DA:8,1
DA:9,0
DA:10,0
DA:11,1
DA:12,1
DA:13,1
DA:14,1
DA:15,1
DA:16,1
DA:17,1
DA:18,1
DA:19,1
LF:19
LH:17
BRDA:7,0,0,1
BRDA:8,1,0,0
BRDA:15,2,0,1
BRDA:16,3,0,2
BRF:4
BRH:3
end_of_record
TN:
SF:src/domain/service/product-service.ts
FN:4,increasePrice
FNF:1
FNH:1
FNDA:1,increasePrice
DA:1,1
DA:2,1
DA:3,1
DA:4,1
DA:5,1
DA:6,2
DA:7,1
DA:8,1
DA:9,1
DA:10,1
DA:11,1
LF:11
LH:11
BRDA:4,0,0,1
BRDA:5,1,0,2
BRF:2
BRH:2
end_of_record
TN:
SF:src/infrastructure/db/sequelize/model/customer-model.ts
FNF:0
FNH:0
DA:1,1
DA:2,1
DA:3,1
DA:4,1
DA:5,1
DA:6,1
DA:7,1
DA:8,1
DA:9,1
DA:10,1
DA:11,1
DA:12,1
DA:13,1
DA:14,1
DA:15,1
DA:16,1
DA:17,1
DA:18,1
DA:19,1
DA:20,1
DA:21,1
DA:22,1
DA:23,1
DA:24,1
DA:25,1
DA:26,1
DA:27,1
DA:28,1
DA:29,1
DA:30,1
DA:31,1
DA:32,1
DA:33,1
DA:34,1
DA:35,1
DA:36,1
DA:37,1
LF:37
LH:37
BRF:0
BRH:0
end_of_record
TN:
SF:src/infrastructure/db/sequelize/model/order-item-model.ts
FNF:0
FNH:0
DA:1,1
DA:2,1
DA:3,1
DA:4,1
DA:5,1
DA:6,1
DA:7,1
DA:8,1
DA:9,1
DA:10,1
DA:11,1
DA:12,1
DA:13,1
DA:14,1
DA:15,1
DA:16,1
DA:17,1
DA:18,1
DA:19,1
DA:20,1
DA:21,1
DA:22,1
DA:23,1
DA:24,1
DA:25,1
DA:26,1
DA:27,1
DA:28,1
DA:29,1
DA:30,1
DA:31,1
DA:32,1
DA:33,1
DA:34,1
DA:35,1
DA:36,1
LF:36
LH:36
BRDA:19,0,0,0
BRDA:26,1,0,0
BRDA:14,2,0,5
BRDA:18,3,0,2
BRDA:21,4,0,2
BRDA:25,5,0,2
BRF:6
BRH:4
end_of_record
TN:
SF:src/infrastructure/db/sequelize/model/order-model.ts
FNF:0
FNH:0
DA:1,1
DA:2,1
DA:3,1
DA:4,1
DA:5,1
DA:6,1
DA:7,1
DA:8,1
DA:9,1
DA:10,1
DA:11,1
DA:12,1
DA:13,1
DA:14,1
DA:15,1
DA:16,1
DA:17,1
DA:18,1
DA:19,1
DA:20,1
DA:21,1
DA:22,1
DA:23,1
DA:24,1
DA:25,1
DA:26,1
DA:27,1
DA:28,1
DA:29,1
DA:30,1
DA:31,1
DA:32,1
DA:33,1
DA:34,1
DA:35,1
DA:36,1
LF:36
LH:36
BRDA:27,0,0,0
BRDA:22,1,0,1
BRDA:26,2,0,3
BRDA:29,3,0,3
BRF:4
BRH:3
end_of_record
TN:
SF:src/infrastructure/db/sequelize/model/product-model.ts
FNF:0
FNH:0
DA:1,1
DA:2,1
DA:3,1
DA:4,1
DA:5,1
DA:6,1
DA:7,1
DA:8,1
DA:9,1
DA:10,1
DA:11,1
DA:12,1
DA:13,1
DA:14,1
DA:15,1
DA:16,1
DA:17,1
DA:18,1
DA:19,1
LF:19
LH:19
BRF:0
BRH:0
end_of_record
TN:
SF:src/infrastructure/repository/customer-repository.ts
FN:9,create
FN:22,update
FN:40,find
FN:63,findAll
FNF:4
FNH:4
FNDA:8,create
FNDA:1,update
FNDA:2,find
FNDA:2,findAll
DA:1,1
DA:2,1
DA:3,1
DA:4,1
DA:5,1
DA:6,1
DA:7,1
DA:8,1
DA:9,1
DA:10,8
DA:11,8
DA:12,8
DA:13,8
DA:14,8
DA:15,8
DA:16,8
DA:17,8
DA:18,8
DA:19,8
DA:20,8
DA:21,8
DA:22,1
DA:23,1
DA:24,1
DA:25,1
DA:26,1
DA:27,1
DA:28,1
DA:29,1
DA:30,1
DA:31,1
DA:32,1
DA:33,1
DA:34,1
DA:35,1
DA:36,1
DA:37,1
DA:38,1
DA:39,1
DA:40,1
DA:41,2
DA:42,2
DA:43,2
DA:44,2
DA:45,2
DA:46,2
DA:47,2
DA:48,2
DA:49,2
DA:50,2
DA:51,2
DA:52,2
DA:53,2
DA:54,2
DA:55,2
DA:56,2
DA:57,2
DA:58,2
DA:59,2
DA:60,2
DA:61,2
DA:62,2
DA:63,1
DA:64,2
DA:65,2
DA:66,2
DA:67,4
DA:68,4
DA:69,4
DA:70,4
DA:71,4
DA:72,4
DA:73,4
DA:74,4
DA:75,4
DA:76,4
DA:77,2
DA:78,2
DA:79,4
DA:80,4
DA:81,2
DA:82,2
DA:83,2
DA:84,1
LF:84
LH:84
BRDA:9,0,0,8
BRDA:22,1,0,1
BRDA:40,2,0,2
BRDA:63,3,0,2
BRDA:66,4,0,4
BRDA:76,5,0,2
BRF:6
BRH:6
end_of_record
TN:
SF:src/infrastructure/repository/order-repository.ts
FN:8,create
FN:27,update
FN:30,find
FN:33,findAll
FNF:4
FNH:1
FNDA:1,create
FNDA:0,update
FNDA:0,find
FNDA:0,findAll
DA:1,1
DA:2,1
DA:3,1
DA:4,1
DA:5,1
DA:6,1
DA:7,1
DA:8,1
DA:9,1
DA:10,1
DA:11,1
DA:12,1
DA:13,1
DA:14,1
DA:15,1
DA:16,1
DA:17,1
DA:18,1
DA:19,1
DA:20,1
DA:21,1
DA:22,1
DA:23,1
DA:24,1
DA:25,1
DA:26,1
DA:27,1
DA:28,0
DA:29,0
DA:30,1
DA:31,0
DA:32,0
DA:33,1
DA:34,0
DA:35,0
DA:36,1
DA:37,1
DA:38,1
LF:38
LH:32
BRDA:8,0,0,1
BRDA:14,1,0,1
BRF:2
BRH:2
end_of_record
TN:
SF:src/infrastructure/repository/product-repository.ts
FN:7,create
FN:15,update
FN:29,find
FN:34,findAll
FNF:4
FNH:4
FNDA:6,create
FNDA:1,update
FNDA:1,find
FNDA:1,findAll
DA:1,1
DA:2,1
DA:3,1
DA:4,1
DA:5,1
DA:6,1
DA:7,1
DA:8,6
DA:9,6
DA:10,6
DA:11,6
DA:12,6
DA:13,6
DA:14,1
DA:15,1
DA:16,1
DA:17,1
DA:18,1
DA:19,1
DA:20,1
DA:21,1
DA:22,1
DA:23,1
DA:24,1
DA:25,1
DA:26,1
DA:27,1
DA:28,1
DA:29,1
DA:30,1
DA:31,1
DA:32,1
DA:33,1
DA:34,1
DA:35,1
DA:36,1
DA:37,2
DA:38,1
DA:39,1
DA:40,1
DA:41,1
LF:41
LH:41
BRDA:7,0,0,6
BRDA:15,1,0,1
BRDA:29,2,0,1
BRDA:34,3,0,1
BRDA:36,4,0,2
BRF:5
BRH:5
end_of_record
