TN:
SF:src/entity/address.ts
FN:3,<instance_members_initializer>
FN:8,Address
FN:17,validate
FN:32,toString
FNF:4
FNH:3
FNDA:2,<instance_members_initializer>
FNDA:2,Address
FNDA:2,validate
FNDA:0,toString
DA:1,1
DA:2,1
DA:3,1
DA:4,2
DA:5,2
DA:6,1
DA:7,1
DA:8,1
DA:9,2
DA:10,2
DA:11,2
DA:12,2
DA:13,2
DA:14,2
DA:15,2
DA:16,1
DA:17,1
DA:18,2
DA:19,0
DA:20,0
DA:21,2
DA:22,0
DA:23,0
DA:24,2
DA:25,0
DA:26,0
DA:27,2
DA:28,0
DA:29,0
DA:30,2
DA:31,1
DA:32,1
DA:33,0
DA:34,0
DA:35,1
DA:36,1
LF:36
LH:26
BRDA:3,0,0,2
BRDA:8,1,0,2
BRDA:17,2,0,2
BRDA:18,3,0,0
BRDA:21,4,0,0
BRDA:24,5,0,0
BRDA:27,6,0,0
BRF:7
BRH:3
end_of_record
TN:
SF:src/entity/customer.ts
FN:8,<instance_members_initializer>
FN:10,Customer
FN:16,validate
FN:22,changeName
FN:27,activate
FN:34,deactivate
FN:38,set address
FN:42,get name
FN:46,isActive
FNF:9
FNH:9
FNDA:5,<instance_members_initializer>
FNDA:5,Customer
FNDA:6,validate
FNDA:1,changeName
FNDA:3,activate
FNDA:1,deactivate
FNDA:2,set address
FNDA:1,get name
FNDA:3,isActive
DA:1,1
DA:2,1
DA:3,1
DA:4,1
DA:5,1
DA:6,1
DA:7,1
DA:8,1
DA:9,1
DA:10,1
DA:11,5
DA:12,5
DA:13,5
DA:14,5
DA:15,1
DA:16,1
DA:17,6
DA:18,1
DA:19,1
DA:20,6
DA:21,1
DA:22,1
DA:23,1
DA:24,1
DA:25,1
DA:26,1
DA:27,1
DA:28,3
DA:29,1
DA:30,1
DA:31,3
DA:32,3
DA:33,1
DA:34,1
DA:35,1
DA:36,1
DA:37,1
DA:38,1
DA:39,2
DA:40,2
DA:41,1
DA:42,1
DA:43,1
DA:44,1
DA:45,1
DA:46,1
DA:47,3
DA:48,3
DA:49,1
DA:50,1
LF:50
LH:50
BRDA:8,0,0,5
BRDA:10,1,0,5
BRDA:16,2,0,6
BRDA:17,3,0,1
BRDA:22,4,0,1
BRDA:27,5,0,3
BRDA:28,6,0,1
BRDA:34,7,0,1
BRDA:38,8,0,2
BRDA:42,9,0,1
BRDA:46,10,0,3
BRF:11
BRH:11
end_of_record
TN:
SF:src/entity/order-item.ts
FN:9,OrderItem
FN:17,get price
FN:21,get quantity
FNF:3
FNH:3
FNDA:6,OrderItem
FNDA:3,get price
FNDA:6,get quantity
DA:1,1
DA:2,1
DA:3,1
DA:4,1
DA:5,1
DA:6,1
DA:7,1
DA:8,1
DA:9,1
DA:10,6
DA:11,6
DA:12,6
DA:13,6
DA:14,6
DA:15,6
DA:16,1
DA:17,1
DA:18,3
DA:19,3
DA:20,1
DA:21,1
DA:22,6
DA:23,6
DA:24,1
LF:24
LH:24
BRDA:9,0,0,6
BRDA:17,1,0,3
BRDA:21,2,0,6
BRF:3
BRH:3
end_of_record
TN:
SF:src/entity/order.ts
FN:9,Order
FN:16,validate
FN:33,total
FNF:3
FNH:3
FNDA:5,Order
FNDA:5,validate
FNDA:1,total
DA:1,1
DA:2,1
DA:3,1
DA:4,1
DA:5,1
DA:6,1
DA:7,1
DA:8,1
DA:9,1
DA:10,5
DA:11,5
DA:12,5
DA:13,5
DA:14,5
DA:15,1
DA:16,1
DA:17,5
DA:18,1
DA:19,1
DA:20,5
DA:21,1
DA:22,1
DA:23,5
DA:24,1
DA:25,1
DA:26,2
DA:27,5
DA:28,1
DA:29,1
DA:30,5
DA:31,5
DA:32,1
DA:33,1
DA:34,1
DA:35,1
DA:36,1
LF:36
LH:36
BRDA:9,0,0,5
BRDA:16,1,0,5
BRDA:17,2,0,1
BRDA:20,3,0,1
BRDA:23,4,0,3
BRDA:23,5,0,1
BRDA:26,6,0,2
BRDA:27,7,0,1
BRDA:27,8,0,6
BRDA:33,9,0,1
BRDA:34,10,0,3
BRF:11
BRH:11
end_of_record
TN:
SF:src/entity/product.ts
FN:7,Product
FN:15,validate
FN:30,get name
FN:34,get price
FN:38,changeName
FN:43,changePrice
FNF:6
FNH:6
FNDA:6,Product
FNDA:8,validate
FNDA:1,get name
FNDA:1,get price
FNDA:1,changeName
FNDA:1,changePrice
DA:1,1
DA:2,1
DA:3,1
DA:4,1
DA:5,1
DA:6,1
DA:7,1
DA:8,6
DA:9,6
DA:10,6
DA:11,6
DA:12,6
DA:13,1
DA:14,1
DA:15,1
DA:16,8
DA:17,8
DA:18,1
DA:19,1
DA:20,8
DA:21,1
DA:22,1
DA:23,8
DA:24,2
DA:25,2
DA:26,8
DA:27,1
DA:28,1
DA:29,1
DA:30,1
DA:31,1
DA:32,1
DA:33,1
DA:34,1
DA:35,1
DA:36,1
DA:37,1
DA:38,1
DA:39,1
DA:40,1
DA:41,1
DA:42,1
DA:43,1
DA:44,1
DA:45,1
DA:46,1
DA:47,1
DA:48,1
LF:48
LH:48
BRDA:7,0,0,6
BRDA:15,1,0,8
BRDA:17,2,0,1
BRDA:20,3,0,7
BRDA:20,4,0,1
BRDA:23,5,0,6
BRDA:23,6,0,2
BRDA:30,7,0,1
BRDA:34,8,0,1
BRDA:38,9,0,1
BRDA:43,10,0,1
BRF:11
BRH:11
end_of_record
